2025-12-07 19:31:02 - Application finished2025-12-07 19:31:32 - Application started
2025-12-07 19:31:32 - Processing data...
2025-12-07 19:31:32 - Application finished
2025-12-07 19:32:50 - Application started
2025-12-07 19:32:50 - Processing data...
2025-12-07 19:32:50 - Application finished
2025-12-07 19:32:53 - Application started
2025-12-07 19:32:53 - Processing data...
2025-12-07 19:32:53 - Application finished
2025-12-07 19:38:21 - Application started
2025-12-07 19:38:21 - Processing data...
2025-12-07 19:38:21 - Application finished
2025-12-07 19:38:57 - Application started
2025-12-07 19:38:57 - Processing data...
2025-12-07 19:38:57 - Application finished
2025-12-07 19:38:57 - Application started
2025-12-07 19:38:57 - Processing data...
2025-12-07 19:38:57 - Application finished
2025-12-07 19:38:58 - Application started
2025-12-07 19:38:58 - Processing data...
2025-12-07 19:38:58 - Application finished
2025-12-07 19:39:25 - Application started
2025-12-07 19:39:25 - Processing data...
2025-12-07 19:39:25 - Application finished
2025-12-07 19:42:06 - Application started
2025-12-07 19:42:06 - Processing data...
2025-12-07 19:42:06 - Application finished
2025-12-07 19:42:06 - emtsn
2025-12-08 00:46:34 - Application started
2025-12-08 00:46:34 - Processing data...
2025-12-08 00:46:34 - Application finished
